Could not read previous export (for caching), doing full export.
background: Exporting image
opaque: Exporting image
friends copy: Exporting image
newzealand copy: Exporting image
create: Exporting image
friends: Exporting image
this_destination copy: Exporting image
time: Exporting image
time_picker: Exporting image
startbuttoncopy: Exporting image
exciting: Exporting image
touristy: Exporting image
exciting_green: Exporting image
tourist_green: Exporting image
otherroutes: Exporting image
friendss: Exporting image
friends_pics: Exporting image
friends_text: Exporting image
line dividers: Exporting image
emma: Exporting image
lindsay: Exporting image
priya: Exporting image
checkmark3: Exporting image
checkmark2: Exporting image
checkmark1: Exporting image
next: Exporting image
green_next: Exporting image
destination: Exporting image
otherdestinations: Exporting image
this_destination: Exporting image
explore: Exporting image
fooddining: Exporting image
explore_text: Exporting image
explore_art_overlays: Exporting image
explore_art: Exporting image
signin: Exporting image
description: Exporting image
startbutton: Exporting image
newzealand: Exporting image
40 views changed
Success: /Users/akhilaraju/Documents/phone.framer/imported/phone
